[debug] [2026-04-06T02:15:48.403Z] ----------------------------------------------------------------------
[debug] [2026-04-06T02:15:48.405Z] Command:       /usr/local/bin/node /Users/catalinandrian/.npm-global/bin/firebase init functions
[debug] [2026-04-06T02:15:48.405Z] CLI Version:   15.13.0
[debug] [2026-04-06T02:15:48.405Z] Platform:      darwin
[debug] [2026-04-06T02:15:48.405Z] Node Version:  v24.14.1
[debug] [2026-04-06T02:15:48.405Z] Time:          Sun Apr 05 2026 22:15:48 GMT-0400 (Eastern Daylight Time)
[debug] [2026-04-06T02:15:48.405Z] ----------------------------------------------------------------------
[debug] 
[debug] [2026-04-06T02:15:48.406Z] >>> [apiv2][query] GET https://firebase-public.firebaseio.com/cli.json [none]
[info] 
     ######## #### ########  ######## ########     ###     ######  ########
     ##        ##  ##     ## ##       ##     ##  ##   ##  ##       ##
     ######    ##  ########  ######   ########  #########  ######  ######
     ##        ##  ##    ##  ##       ##     ## ##     ##       ## ##
     ##       #### ##     ## ######## ########  ##     ##  ######  ########

You're about to initialize a Firebase project in this directory:

  /Users/catalinandrian/Documents/GitHub/dreamstimeskip-beta

Before we get started, keep in mind:

  * You are initializing within an existing Firebase project directory

[info] 
=== Project Setup
[info] 
[info] First, let's associate this project directory with a Firebase project.
[info] You can create multiple project aliases by running firebase use --add, 
[info] 
[debug] [2026-04-06T02:15:48.987Z] > command requires scopes: ["email","openid","https://www.googleapis.com/auth/cloudplatformprojects.readonly","https://www.googleapis.com/auth/firebase","https://www.googleapis.com/auth/cloud-platform"]
[debug] [2026-04-06T02:15:48.987Z] > authorizing via signed-in user (catalinandrian1@gmail.com)
[debug] [2026-04-06T02:15:48.987Z] Checked if tokens are valid: false, expires at: 1775046864328
[debug] [2026-04-06T02:15:48.987Z] Checked if tokens are valid: false, expires at: 1775046864328
[debug] [2026-04-06T02:15:48.987Z] > refreshing access token with scopes: []
[debug] [2026-04-06T02:15:48.987Z] >>> [apiv2][query] POST https://www.googleapis.com/oauth2/v3/token [none]
[debug] [2026-04-06T02:15:48.987Z] >>> [apiv2][body] POST https://www.googleapis.com/oauth2/v3/token [omitted]
[debug] [2026-04-06T02:15:49.113Z] <<< [apiv2][status] GET https://firebase-public.firebaseio.com/cli.json 200
[debug] [2026-04-06T02:15:49.113Z] <<< [apiv2][body] GET https://firebase-public.firebaseio.com/cli.json {"cloudBuildErrorAfter":1594252800000,"cloudBuildWarnAfter":1590019200000,"defaultNode10After":1594252800000,"minVersion":"3.0.5","node8DeploysDisabledAfter":1613390400000,"node8RuntimeDisabledAfter":1615809600000,"node8WarnAfter":1600128000000}
[debug] [2026-04-06T02:15:49.125Z] <<< [apiv2][status] POST https://www.googleapis.com/oauth2/v3/token 200
[debug] [2026-04-06T02:15:49.125Z] <<< [apiv2][body] POST https://www.googleapis.com/oauth2/v3/token [omitted]
[debug] [2026-04-06T02:15:49.135Z] >>> [apiv2][query] GET https://firebase.googleapis.com/v1beta1/projects/dts-hub-website [none]
[debug] [2026-04-06T02:15:49.433Z] <<< [apiv2][status] GET https://firebase.googleapis.com/v1beta1/projects/dts-hub-website 200
[debug] [2026-04-06T02:15:49.434Z] <<< [apiv2][body] GET https://firebase.googleapis.com/v1beta1/projects/dts-hub-website {"projectId":"dts-hub-website","projectNumber":"48345990988","displayName":"dts-hub-website","name":"projects/dts-hub-website","resources":{"hostingSite":"dts-hub-website"},"state":"ACTIVE","etag":"1_41bc2c61-03bf-4f10-9c11-0902d294a91e"}
[info] i  Using project dts-hub-website (dts-hub-website) . 
[info] 
=== Functions Setup
[debug] [2026-04-06T02:15:49.441Z] > command requires scopes: ["email","openid","https://www.googleapis.com/auth/cloudplatformprojects.readonly","https://www.googleapis.com/auth/firebase","https://www.googleapis.com/auth/cloud-platform"]
[debug] [2026-04-06T02:15:49.441Z] > authorizing via signed-in user (catalinandrian1@gmail.com)
[debug] [2026-04-06T02:15:49.441Z] [iam] checking project dts-hub-website for permissions ["firebase.projects.get"]
[debug] [2026-04-06T02:15:49.441Z] Checked if tokens are valid: true, expires at: 1775445348125
[debug] [2026-04-06T02:15:49.441Z] Checked if tokens are valid: true, expires at: 1775445348125
[debug] [2026-04-06T02:15:49.441Z] >>> [apiv2][query] POST https://cloudresourcemanager.googleapis.com/v1/projects/dts-hub-website:testIamPermissions [none]
[debug] [2026-04-06T02:15:49.442Z] >>> [apiv2][(partial)header] POST https://cloudresourcemanager.googleapis.com/v1/projects/dts-hub-website:testIamPermissions  x-goog-user-project=dts-hub-website
[debug] [2026-04-06T02:15:49.442Z] >>> [apiv2][body] POST https://cloudresourcemanager.googleapis.com/v1/projects/dts-hub-website:testIamPermissions {"permissions":["firebase.projects.get"]}
[debug] [2026-04-06T02:15:49.670Z] <<< [apiv2][status] POST https://cloudresourcemanager.googleapis.com/v1/projects/dts-hub-website:testIamPermissions 200
[debug] [2026-04-06T02:15:49.671Z] <<< [apiv2][body] POST https://cloudresourcemanager.googleapis.com/v1/projects/dts-hub-website:testIamPermissions {"permissions":["firebase.projects.get"]}
[info] 
Detected existing codebase(s): default

[info] Let's create a new codebase for your functions.
[info] A directory corresponding to the codebase will be created in your project
[info] with sample code pre-configured.

[info] See https://firebase.google.com/docs/functions/organize-functions for
[info] more information on organizing your functions using codebases.

[info] Functions can be deployed with firebase deploy.

[info] ✔  Wrote dts-hub-website/.eslintrc.js 
[info] ✔  Wrote dts-hub-website/package.json 
[info] ✔  Wrote dts-hub-website/index.js 
[info] ✔  Wrote dts-hub-website/.gitignore 
[info] 
=== Agent Skills Setup
[info] If you are using an AI coding agent, Firebase Agent Skills make it an expert at Firebase.
[info] i  Installing Agent skills in the background... 
[info] ✔  Agent skills installation started 
[info] 
[info] ✔  Wrote configuration info to firebase.json 
[info] ✔  Wrote project information to .firebaserc 
[debug] [2026-04-06T02:21:49.438Z] Error: EISDIR: illegal operation on a directory, open '/Users/catalinandrian/Documents/GitHub/dreamstimeskip-beta/.gitignore'
    at Object.writeFileSync (node:fs:2413:20)
    at Object.createFileSync (/Users/catalinandrian/.npm-global/lib/node_modules/firebase-tools/node_modules/fs-extra/lib/ensure/file.js:63:6)
    at Config.writeProjectFile (/Users/catalinandrian/.npm-global/lib/node_modules/firebase-tools/lib/config.js:166:12)
    at postInitSaves (/Users/catalinandrian/.npm-global/lib/node_modules/firebase-tools/lib/commands/init.js:246:16)
    at Command.initAction [as actionFn] (/Users/catalinandrian/.npm-global/lib/node_modules/firebase-tools/lib/commands/init.js:233:11)
[error] 
[error] Error: An unexpected error has occurred.
